<?xml version="1.0" encoding="UTF-8"?>
<testng-results ignored="0" total="1" passed="1" failed="0" skipped="0">
  <reporter-output>
  </reporter-output>
  <suite started-at="2024-11-27T13:04:47 IST" name="Default suite" finished-at="2024-11-27T13:04:51 IST" duration-ms="3482">
    <groups>
    </groups>
    <test started-at="2024-11-27T13:04:47 IST" name="Default test" finished-at="2024-11-27T13:04:51 IST" duration-ms="3482">
      <class name="responseValidation.StatusCodeAndStatusStringValidationAtSingleLine">
        <test-method signature="statusCodeAndStatusStringValidationAtSingleLine()[pri:0, instance:responseValidation.StatusCodeAndStatusStringValidationAtSingleLine@222545dc]" started-at="2024-11-27T13:04:47 IST" name="statusCodeAndStatusStringValidationAtSingleLine" finished-at="2024-11-27T13:04:51 IST" duration-ms="3396" status="PASS">
          <reporter-output>
          </reporter-output>
        </test-method> <!-- statusCodeAndStatusStringValidationAtSingleLine -->
      </class> <!-- responseValidation.StatusCodeAndStatusStringValidationAtSingleLine -->
    </test> <!-- Default test -->
  </suite> <!-- Default suite -->
</testng-results>
